
> Task :compileJava FAILED
/home/pieter/Desktop/Hackaton/server/src/main/java/pl/agh/hackathon/Stats/UserStatsController.java:52: error: GetMapping is not a repeatable annotation interface
    @GetMapping("/leaderboard")
    ^
/home/pieter/Desktop/Hackaton/server/src/main/java/pl/agh/hackathon/Stats/UserStatsController.java:53: error: Operation is not a repeatable annotation interface
    @Operation(
    ^
/home/pieter/Desktop/Hackaton/server/src/main/java/pl/agh/hackathon/Stats/UserStatsService.java:45: error: cannot find symbol
            userStatsRepository.save(UserStats.builder()
                                              ^
  symbol:   method builder()
  location: class UserStats
/home/pieter/Desktop/Hackaton/server/src/main/java/pl/agh/hackathon/Stats/UserStatsService.java:67: error: cannot find symbol
                .orElse(UserStats.builder().userId(userId).build());
                                 ^
  symbol:   method builder()
  location: class UserStats
/home/pieter/Desktop/Hackaton/server/src/main/java/pl/agh/hackathon/Stats/UserStatsService.java:69: error: cannot find symbol
        return UserStatsResponse.builder()
                                ^
  symbol:   method builder()
  location: class UserStatsResponse
/home/pieter/Desktop/Hackaton/server/src/main/java/pl/agh/hackathon/Stats/UserStatsService.java:70: error: cannot find symbol
                .userId(s.getUserId())
                         ^
  symbol:   method getUserId()
  location: variable s of type UserStats
/home/pieter/Desktop/Hackaton/server/src/main/java/pl/agh/hackathon/Stats/UserStatsService.java:71: error: cannot find symbol
                .totalAnswers(s.getTotalAnswers())
                               ^
  symbol:   method getTotalAnswers()
  location: variable s of type UserStats
/home/pieter/Desktop/Hackaton/server/src/main/java/pl/agh/hackathon/Stats/UserStatsService.java:72: error: cannot find symbol
                .correctAnswers(s.getCorrectAnswers())
                                 ^
  symbol:   method getCorrectAnswers()
  location: variable s of type UserStats
/home/pieter/Desktop/Hackaton/server/src/main/java/pl/agh/hackathon/Stats/UserStatsService.java:73: error: cannot find symbol
                .accuracyPercent(calcAccuracy(s.getTotalAnswers(), s.getCorrectAnswers()))
                                               ^
  symbol:   method getTotalAnswers()
  location: variable s of type UserStats
/home/pieter/Desktop/Hackaton/server/src/main/java/pl/agh/hackathon/Stats/UserStatsService.java:73: error: cannot find symbol
                .accuracyPercent(calcAccuracy(s.getTotalAnswers(), s.getCorrectAnswers()))
                                                                    ^
  symbol:   method getCorrectAnswers()
  location: variable s of type UserStats
/home/pieter/Desktop/Hackaton/server/src/main/java/pl/agh/hackathon/Stats/UserStatsService.java:74: error: cannot find symbol
                .totalGenreAnswers(s.getTotalGenreAnswers())
                                    ^
  symbol:   method getTotalGenreAnswers()
  location: variable s of type UserStats
/home/pieter/Desktop/Hackaton/server/src/main/java/pl/agh/hackathon/Stats/UserStatsService.java:75: error: cannot find symbol
                .correctGenreAnswers(s.getCorrectGenreAnswers())
                                      ^
  symbol:   method getCorrectGenreAnswers()
  location: variable s of type UserStats
/home/pieter/Desktop/Hackaton/server/src/main/java/pl/agh/hackathon/Stats/UserStatsService.java:76: error: cannot find symbol
                .genreAccuracyPercent(calcAccuracy(s.getTotalGenreAnswers(), s.getCorrectGenreAnswers()))
                                                    ^
  symbol:   method getTotalGenreAnswers()
  location: variable s of type UserStats
/home/pieter/Desktop/Hackaton/server/src/main/java/pl/agh/hackathon/Stats/UserStatsService.java:76: error: cannot find symbol
                .genreAccuracyPercent(calcAccuracy(s.getTotalGenreAnswers(), s.getCorrectGenreAnswers()))
                                                                              ^
  symbol:   method getCorrectGenreAnswers()
  location: variable s of type UserStats
/home/pieter/Desktop/Hackaton/server/src/main/java/pl/agh/hackathon/Stats/UserStatsService.java:77: error: cannot find symbol
                .totalArtistsAnswers(s.getTotalArtistsAnswers())
                                      ^
  symbol:   method getTotalArtistsAnswers()
  location: variable s of type UserStats
/home/pieter/Desktop/Hackaton/server/src/main/java/pl/agh/hackathon/Stats/UserStatsService.java:78: error: cannot find symbol
                .correctArtistsAnswers(s.getCorrectArtistsAnswers())
                                        ^
  symbol:   method getCorrectArtistsAnswers()
  location: variable s of type UserStats
/home/pieter/Desktop/Hackaton/server/src/main/java/pl/agh/hackathon/Stats/UserStatsService.java:79: error: cannot find symbol
                .artistsAccuracyPercent(calcAccuracy(s.getTotalArtistsAnswers(), s.getCorrectArtistsAnswers()))
                                                      ^
  symbol:   method getTotalArtistsAnswers()
  location: variable s of type UserStats
/home/pieter/Desktop/Hackaton/server/src/main/java/pl/agh/hackathon/Stats/UserStatsService.java:79: error: cannot find symbol
                .artistsAccuracyPercent(calcAccuracy(s.getTotalArtistsAnswers(), s.getCorrectArtistsAnswers()))
                                                                                  ^
  symbol:   method getCorrectArtistsAnswers()
  location: variable s of type UserStats
/home/pieter/Desktop/Hackaton/server/src/main/java/pl/agh/hackathon/Stats/UserStatsService.java:80: error: cannot find symbol
                .totalSongNameAnswers(s.getTotalSongNameAnswers())
                                       ^
  symbol:   method getTotalSongNameAnswers()
  location: variable s of type UserStats
/home/pieter/Desktop/Hackaton/server/src/main/java/pl/agh/hackathon/Stats/UserStatsService.java:81: error: cannot find symbol
                .correctSongNameAnswers(s.getCorrectSongNameAnswers())
                                         ^
  symbol:   method getCorrectSongNameAnswers()
  location: variable s of type UserStats
/home/pieter/Desktop/Hackaton/server/src/main/java/pl/agh/hackathon/Stats/UserStatsService.java:82: error: cannot find symbol
                .songNameAccuracyPercent(calcAccuracy(s.getTotalSongNameAnswers(), s.getCorrectSongNameAnswers()))
                                                       ^
  symbol:   method getTotalSongNameAnswers()
  location: variable s of type UserStats
/home/pieter/Desktop/Hackaton/server/src/main/java/pl/agh/hackathon/Stats/UserStatsService.java:82: error: cannot find symbol
                .songNameAccuracyPercent(calcAccuracy(s.getTotalSongNameAnswers(), s.getCorrectSongNameAnswers()))
                                                                                    ^
  symbol:   method getCorrectSongNameAnswers()
  location: variable s of type UserStats
/home/pieter/Desktop/Hackaton/server/src/main/java/pl/agh/hackathon/Stats/UserStatsService.java:83: error: cannot find symbol
                .totalTimePeriodAnswers(s.getTotalTimePeriodAnswers())
                                         ^
  symbol:   method getTotalTimePeriodAnswers()
  location: variable s of type UserStats
/home/pieter/Desktop/Hackaton/server/src/main/java/pl/agh/hackathon/Stats/UserStatsService.java:84: error: cannot find symbol
                .correctTimePeriodAnswers(s.getCorrectTimePeriodAnswers())
                                           ^
  symbol:   method getCorrectTimePeriodAnswers()
  location: variable s of type UserStats
/home/pieter/Desktop/Hackaton/server/src/main/java/pl/agh/hackathon/Stats/UserStatsService.java:85: error: cannot find symbol
                .timePeriodAccuracyPercent(calcAccuracy(s.getTotalTimePeriodAnswers(), s.getCorrectTimePeriodAnswers()))
                                                         ^
  symbol:   method getTotalTimePeriodAnswers()
  location: variable s of type UserStats
/home/pieter/Desktop/Hackaton/server/src/main/java/pl/agh/hackathon/Stats/UserStatsService.java:85: error: cannot find symbol
                .timePeriodAccuracyPercent(calcAccuracy(s.getTotalTimePeriodAnswers(), s.getCorrectTimePeriodAnswers()))
                                                                                        ^
  symbol:   method getCorrectTimePeriodAnswers()
  location: variable s of type UserStats
/home/pieter/Desktop/Hackaton/server/src/main/java/pl/agh/hackathon/Stats/UserStatsService.java:106: error: cannot find symbol
                case OVERALL     -> calcAccuracy(s.getTotalAnswers(), s.getCorrectAnswers());
                                                  ^
  symbol:   method getTotalAnswers()
  location: variable s of type UserStats
/home/pieter/Desktop/Hackaton/server/src/main/java/pl/agh/hackathon/Stats/UserStatsService.java:106: error: cannot find symbol
                case OVERALL     -> calcAccuracy(s.getTotalAnswers(), s.getCorrectAnswers());
                                                                       ^
  symbol:   method getCorrectAnswers()
  location: variable s of type UserStats
/home/pieter/Desktop/Hackaton/server/src/main/java/pl/agh/hackathon/Stats/UserStatsService.java:107: error: cannot find symbol
                case GENRE       -> calcAccuracy(s.getTotalGenreAnswers(), s.getCorrectGenreAnswers());
                                                  ^
  symbol:   method getTotalGenreAnswers()
  location: variable s of type UserStats
/home/pieter/Desktop/Hackaton/server/src/main/java/pl/agh/hackathon/Stats/UserStatsService.java:107: error: cannot find symbol
                case GENRE       -> calcAccuracy(s.getTotalGenreAnswers(), s.getCorrectGenreAnswers());
                                                                            ^
  symbol:   method getCorrectGenreAnswers()
  location: variable s of type UserStats
/home/pieter/Desktop/Hackaton/server/src/main/java/pl/agh/hackathon/Stats/UserStatsService.java:108: error: cannot find symbol
                case ARTISTS     -> calcAccuracy(s.getTotalArtistsAnswers(), s.getCorrectArtistsAnswers());
                                                  ^
  symbol:   method getTotalArtistsAnswers()
  location: variable s of type UserStats
/home/pieter/Desktop/Hackaton/server/src/main/java/pl/agh/hackathon/Stats/UserStatsService.java:108: error: cannot find symbol
                case ARTISTS     -> calcAccuracy(s.getTotalArtistsAnswers(), s.getCorrectArtistsAnswers());
                                                                              ^
  symbol:   method getCorrectArtistsAnswers()
  location: variable s of type UserStats
/home/pieter/Desktop/Hackaton/server/src/main/java/pl/agh/hackathon/Stats/UserStatsService.java:109: error: cannot find symbol
                case SONG_NAME   -> calcAccuracy(s.getTotalSongNameAnswers(), s.getCorrectSongNameAnswers());
                                                  ^
  symbol:   method getTotalSongNameAnswers()
  location: variable s of type UserStats
/home/pieter/Desktop/Hackaton/server/src/main/java/pl/agh/hackathon/Stats/UserStatsService.java:109: error: cannot find symbol
                case SONG_NAME   -> calcAccuracy(s.getTotalSongNameAnswers(), s.getCorrectSongNameAnswers());
                                                                               ^
  symbol:   method getCorrectSongNameAnswers()
  location: variable s of type UserStats
/home/pieter/Desktop/Hackaton/server/src/main/java/pl/agh/hackathon/Stats/UserStatsService.java:110: error: cannot find symbol
                case TIME_PERIOD -> calcAccuracy(s.getTotalTimePeriodAnswers(), s.getCorrectTimePeriodAnswers());
                                                  ^
  symbol:   method getTotalTimePeriodAnswers()
  location: variable s of type UserStats
/home/pieter/Desktop/Hackaton/server/src/main/java/pl/agh/hackathon/Stats/UserStatsService.java:110: error: cannot find symbol
                case TIME_PERIOD -> calcAccuracy(s.getTotalTimePeriodAnswers(), s.getCorrectTimePeriodAnswers());
                                                                                 ^
  symbol:   method getCorrectTimePeriodAnswers()
  location: variable s of type UserStats
/home/pieter/Desktop/Hackaton/server/src/main/java/pl/agh/hackathon/Stats/UserStatsService.java:115: error: cannot find symbol
                    s.getUserId(),
                     ^
  symbol:   method getUserId()
  location: variable s of type UserStats
/home/pieter/Desktop/Hackaton/server/src/main/java/pl/agh/hackathon/Stats/UserStatsService.java:116: error: cannot find symbol
                    s.getTotalAnswers(),
                     ^
  symbol:   method getTotalAnswers()
  location: variable s of type UserStats
/home/pieter/Desktop/Hackaton/server/src/main/java/pl/agh/hackathon/Stats/UserStatsService.java:117: error: cannot find symbol
                    s.getCorrectAnswers(),
                     ^
  symbol:   method getCorrectAnswers()
  location: variable s of type UserStats
39 errors

[Incubating] Problems report is available at: file:///home/pieter/Desktop/Hackaton/server/build/reports/problems/problems-report.html

FAILURE: Build failed with an exception.

* What went wrong:
Execution failed for task ':compileJava'.
> Compilation failed; see the compiler output below.
  /home/pieter/Desktop/Hackaton/server/src/main/java/pl/agh/hackathon/Stats/UserStatsController.java:52: error: GetMapping is not a repeatable annotation interface
      @GetMapping("/leaderboard")
      ^
  /home/pieter/Desktop/Hackaton/server/src/main/java/pl/agh/hackathon/Stats/UserStatsController.java:53: error: Operation is not a repeatable annotation interface
      @Operation(
      ^
  /home/pieter/Desktop/Hackaton/server/src/main/java/pl/agh/hackathon/Stats/UserStatsService.java:45: error: cannot find symbol
              userStatsRepository.save(UserStats.builder()
                                                ^
    symbol:   method builder()
    location: class UserStats
  /home/pieter/Desktop/Hackaton/server/src/main/java/pl/agh/hackathon/Stats/UserStatsService.java:67: error: cannot find symbol
                  .orElse(UserStats.builder().userId(userId).build());
                                   ^
    symbol:   method builder()
    location: class UserStats
  /home/pieter/Desktop/Hackaton/server/src/main/java/pl/agh/hackathon/Stats/UserStatsService.java:69: error: cannot find symbol
          return UserStatsResponse.builder()
                                  ^
    symbol:   method builder()
    location: class UserStatsResponse
  /home/pieter/Desktop/Hackaton/server/src/main/java/pl/agh/hackathon/Stats/UserStatsService.java:70: error: cannot find symbol
                  .userId(s.getUserId())
                           ^
    symbol:   method getUserId()
    location: variable s of type UserStats
  /home/pieter/Desktop/Hackaton/server/src/main/java/pl/agh/hackathon/Stats/UserStatsService.java:71: error: cannot find symbol
                  .totalAnswers(s.getTotalAnswers())
                                 ^
    symbol:   method getTotalAnswers()
    location: variable s of type UserStats
  /home/pieter/Desktop/Hackaton/server/src/main/java/pl/agh/hackathon/Stats/UserStatsService.java:72: error: cannot find symbol
                  .correctAnswers(s.getCorrectAnswers())
                                   ^
    symbol:   method getCorrectAnswers()
    location: variable s of type UserStats
  /home/pieter/Desktop/Hackaton/server/src/main/java/pl/agh/hackathon/Stats/UserStatsService.java:73: error: cannot find symbol
                  .accuracyPercent(calcAccuracy(s.getTotalAnswers(), s.getCorrectAnswers()))
                                                 ^
    symbol:   method getTotalAnswers()
    location: variable s of type UserStats
  /home/pieter/Desktop/Hackaton/server/src/main/java/pl/agh/hackathon/Stats/UserStatsService.java:73: error: cannot find symbol
                  .accuracyPercent(calcAccuracy(s.getTotalAnswers(), s.getCorrectAnswers()))
                                                                      ^
    symbol:   method getCorrectAnswers()
    location: variable s of type UserStats
  /home/pieter/Desktop/Hackaton/server/src/main/java/pl/agh/hackathon/Stats/UserStatsService.java:74: error: cannot find symbol
                  .totalGenreAnswers(s.getTotalGenreAnswers())
                                      ^
    symbol:   method getTotalGenreAnswers()
    location: variable s of type UserStats
  /home/pieter/Desktop/Hackaton/server/src/main/java/pl/agh/hackathon/Stats/UserStatsService.java:75: error: cannot find symbol
                  .correctGenreAnswers(s.getCorrectGenreAnswers())
                                        ^
    symbol:   method getCorrectGenreAnswers()
    location: variable s of type UserStats
  /home/pieter/Desktop/Hackaton/server/src/main/java/pl/agh/hackathon/Stats/UserStatsService.java:76: error: cannot find symbol
                  .genreAccuracyPercent(calcAccuracy(s.getTotalGenreAnswers(), s.getCorrectGenreAnswers()))
                                                      ^
    symbol:   method getTotalGenreAnswers()
    location: variable s of type UserStats
  /home/pieter/Desktop/Hackaton/server/src/main/java/pl/agh/hackathon/Stats/UserStatsService.java:76: error: cannot find symbol
                  .genreAccuracyPercent(calcAccuracy(s.getTotalGenreAnswers(), s.getCorrectGenreAnswers()))
                                                                                ^
    symbol:   method getCorrectGenreAnswers()
    location: variable s of type UserStats
  /home/pieter/Desktop/Hackaton/server/src/main/java/pl/agh/hackathon/Stats/UserStatsService.java:77: error: cannot find symbol
                  .totalArtistsAnswers(s.getTotalArtistsAnswers())
                                        ^
    symbol:   method getTotalArtistsAnswers()
    location: variable s of type UserStats
  /home/pieter/Desktop/Hackaton/server/src/main/java/pl/agh/hackathon/Stats/UserStatsService.java:78: error: cannot find symbol
                  .correctArtistsAnswers(s.getCorrectArtistsAnswers())
                                          ^
    symbol:   method getCorrectArtistsAnswers()
    location: variable s of type UserStats
  /home/pieter/Desktop/Hackaton/server/src/main/java/pl/agh/hackathon/Stats/UserStatsService.java:79: error: cannot find symbol
                  .artistsAccuracyPercent(calcAccuracy(s.getTotalArtistsAnswers(), s.getCorrectArtistsAnswers()))
                                                        ^
    symbol:   method getTotalArtistsAnswers()
    location: variable s of type UserStats
  /home/pieter/Desktop/Hackaton/server/src/main/java/pl/agh/hackathon/Stats/UserStatsService.java:79: error: cannot find symbol
                  .artistsAccuracyPercent(calcAccuracy(s.getTotalArtistsAnswers(), s.getCorrectArtistsAnswers()))
                                                                                    ^
    symbol:   method getCorrectArtistsAnswers()
    location: variable s of type UserStats
  /home/pieter/Desktop/Hackaton/server/src/main/java/pl/agh/hackathon/Stats/UserStatsService.java:80: error: cannot find symbol
                  .totalSongNameAnswers(s.getTotalSongNameAnswers())
                                         ^
    symbol:   method getTotalSongNameAnswers()
    location: variable s of type UserStats
  /home/pieter/Desktop/Hackaton/server/src/main/java/pl/agh/hackathon/Stats/UserStatsService.java:81: error: cannot find symbol
                  .correctSongNameAnswers(s.getCorrectSongNameAnswers())
                                           ^
    symbol:   method getCorrectSongNameAnswers()
    location: variable s of type UserStats
  /home/pieter/Desktop/Hackaton/server/src/main/java/pl/agh/hackathon/Stats/UserStatsService.java:82: error: cannot find symbol
                  .songNameAccuracyPercent(calcAccuracy(s.getTotalSongNameAnswers(), s.getCorrectSongNameAnswers()))
                                                         ^
    symbol:   method getTotalSongNameAnswers()
    location: variable s of type UserStats
  /home/pieter/Desktop/Hackaton/server/src/main/java/pl/agh/hackathon/Stats/UserStatsService.java:82: error: cannot find symbol
                  .songNameAccuracyPercent(calcAccuracy(s.getTotalSongNameAnswers(), s.getCorrectSongNameAnswers()))
                                                                                      ^
    symbol:   method getCorrectSongNameAnswers()
    location: variable s of type UserStats
  /home/pieter/Desktop/Hackaton/server/src/main/java/pl/agh/hackathon/Stats/UserStatsService.java:83: error: cannot find symbol
                  .totalTimePeriodAnswers(s.getTotalTimePeriodAnswers())
                                           ^
    symbol:   method getTotalTimePeriodAnswers()
    location: variable s of type UserStats
  /home/pieter/Desktop/Hackaton/server/src/main/java/pl/agh/hackathon/Stats/UserStatsService.java:84: error: cannot find symbol
                  .correctTimePeriodAnswers(s.getCorrectTimePeriodAnswers())
                                             ^
    symbol:   method getCorrectTimePeriodAnswers()
    location: variable s of type UserStats
  /home/pieter/Desktop/Hackaton/server/src/main/java/pl/agh/hackathon/Stats/UserStatsService.java:85: error: cannot find symbol
                  .timePeriodAccuracyPercent(calcAccuracy(s.getTotalTimePeriodAnswers(), s.getCorrectTimePeriodAnswers()))
                                                           ^
    symbol:   method getTotalTimePeriodAnswers()
    location: variable s of type UserStats
  /home/pieter/Desktop/Hackaton/server/src/main/java/pl/agh/hackathon/Stats/UserStatsService.java:85: error: cannot find symbol
                  .timePeriodAccuracyPercent(calcAccuracy(s.getTotalTimePeriodAnswers(), s.getCorrectTimePeriodAnswers()))
                                                                                          ^
    symbol:   method getCorrectTimePeriodAnswers()
    location: variable s of type UserStats
  /home/pieter/Desktop/Hackaton/server/src/main/java/pl/agh/hackathon/Stats/UserStatsService.java:106: error: cannot find symbol
                  case OVERALL     -> calcAccuracy(s.getTotalAnswers(), s.getCorrectAnswers());
                                                    ^
    symbol:   method getTotalAnswers()
    location: variable s of type UserStats
  /home/pieter/Desktop/Hackaton/server/src/main/java/pl/agh/hackathon/Stats/UserStatsService.java:106: error: cannot find symbol
                  case OVERALL     -> calcAccuracy(s.getTotalAnswers(), s.getCorrectAnswers());
                                                                         ^
    symbol:   method getCorrectAnswers()
    location: variable s of type UserStats
  /home/pieter/Desktop/Hackaton/server/src/main/java/pl/agh/hackathon/Stats/UserStatsService.java:107: error: cannot find symbol
                  case GENRE       -> calcAccuracy(s.getTotalGenreAnswers(), s.getCorrectGenreAnswers());
                                                    ^
    symbol:   method getTotalGenreAnswers()
    location: variable s of type UserStats
  /home/pieter/Desktop/Hackaton/server/src/main/java/pl/agh/hackathon/Stats/UserStatsService.java:107: error: cannot find symbol
                  case GENRE       -> calcAccuracy(s.getTotalGenreAnswers(), s.getCorrectGenreAnswers());
                                                                              ^
    symbol:   method getCorrectGenreAnswers()
    location: variable s of type UserStats
  /home/pieter/Desktop/Hackaton/server/src/main/java/pl/agh/hackathon/Stats/UserStatsService.java:108: error: cannot find symbol
                  case ARTISTS     -> calcAccuracy(s.getTotalArtistsAnswers(), s.getCorrectArtistsAnswers());
                                                    ^
    symbol:   method getTotalArtistsAnswers()
    location: variable s of type UserStats
  /home/pieter/Desktop/Hackaton/server/src/main/java/pl/agh/hackathon/Stats/UserStatsService.java:108: error: cannot find symbol
                  case ARTISTS     -> calcAccuracy(s.getTotalArtistsAnswers(), s.getCorrectArtistsAnswers());
                                                                                ^
    symbol:   method getCorrectArtistsAnswers()
    location: variable s of type UserStats
  /home/pieter/Desktop/Hackaton/server/src/main/java/pl/agh/hackathon/Stats/UserStatsService.java:109: error: cannot find symbol
                  case SONG_NAME   -> calcAccuracy(s.getTotalSongNameAnswers(), s.getCorrectSongNameAnswers());
                                                    ^
    symbol:   method getTotalSongNameAnswers()
    location: variable s of type UserStats
  /home/pieter/Desktop/Hackaton/server/src/main/java/pl/agh/hackathon/Stats/UserStatsService.java:109: error: cannot find symbol
                  case SONG_NAME   -> calcAccuracy(s.getTotalSongNameAnswers(), s.getCorrectSongNameAnswers());
                                                                                 ^
    symbol:   method getCorrectSongNameAnswers()
    location: variable s of type UserStats
  /home/pieter/Desktop/Hackaton/server/src/main/java/pl/agh/hackathon/Stats/UserStatsService.java:110: error: cannot find symbol
                  case TIME_PERIOD -> calcAccuracy(s.getTotalTimePeriodAnswers(), s.getCorrectTimePeriodAnswers());
                                                    ^
    symbol:   method getTotalTimePeriodAnswers()
    location: variable s of type UserStats
  /home/pieter/Desktop/Hackaton/server/src/main/java/pl/agh/hackathon/Stats/UserStatsService.java:110: error: cannot find symbol
                  case TIME_PERIOD -> calcAccuracy(s.getTotalTimePeriodAnswers(), s.getCorrectTimePeriodAnswers());
                                                                                   ^
    symbol:   method getCorrectTimePeriodAnswers()
    location: variable s of type UserStats
  /home/pieter/Desktop/Hackaton/server/src/main/java/pl/agh/hackathon/Stats/UserStatsService.java:115: error: cannot find symbol
                      s.getUserId(),
                       ^
    symbol:   method getUserId()
    location: variable s of type UserStats
  /home/pieter/Desktop/Hackaton/server/src/main/java/pl/agh/hackathon/Stats/UserStatsService.java:116: error: cannot find symbol
                      s.getTotalAnswers(),
                       ^
    symbol:   method getTotalAnswers()
    location: variable s of type UserStats
  /home/pieter/Desktop/Hackaton/server/src/main/java/pl/agh/hackathon/Stats/UserStatsService.java:117: error: cannot find symbol
                      s.getCorrectAnswers(),
                       ^
    symbol:   method getCorrectAnswers()
    location: variable s of type UserStats
  39 errors

* Try:
> Check your code and dependencies to fix the compilation error(s)
> Run with --scan to get full insights from a Build Scan (powered by Develocity).

* Exception is:
org.gradle.api.tasks.TaskExecutionException: Execution failed for task ':compileJava'.
	at org.gradle.api.internal.tasks.execution.ExecuteActionsTaskExecuter.lambda$executeIfValid$1(ExecuteActionsTaskExecuter.java:135)
	at org.gradle.internal.Try$Failure.ifSuccessfulOrElse(Try.java:288)
	at org.gradle.api.internal.tasks.execution.ExecuteActionsTaskExecuter.executeIfValid(ExecuteActionsTaskExecuter.java:133)
	at org.gradle.api.internal.tasks.execution.ExecuteActionsTaskExecuter.execute(ExecuteActionsTaskExecuter.java:121)
	at org.gradle.api.internal.tasks.execution.ProblemsTaskPathTrackingTaskExecuter.execute(ProblemsTaskPathTrackingTaskExecuter.java:41)
	at org.gradle.api.internal.tasks.execution.FinalizePropertiesTaskExecuter.execute(FinalizePropertiesTaskExecuter.java:46)
	at org.gradle.api.internal.tasks.execution.ResolveTaskExecutionModeExecuter.execute(ResolveTaskExecutionModeExecuter.java:51)
	at org.gradle.api.internal.tasks.execution.SkipTaskWithNoActionsExecuter.execute(SkipTaskWithNoActionsExecuter.java:57)
	at org.gradle.api.internal.tasks.execution.SkipOnlyIfTaskExecuter.execute(SkipOnlyIfTaskExecuter.java:74)
	at org.gradle.api.internal.tasks.execution.CatchExceptionTaskExecuter.execute(CatchExceptionTaskExecuter.java:36)
	at org.gradle.api.internal.tasks.execution.EventFiringTaskExecuter$1.executeTask(EventFiringTaskExecuter.java:77)
	at org.gradle.api.internal.tasks.execution.EventFiringTaskExecuter$1.call(EventFiringTaskExecuter.java:55)
	at org.gradle.api.internal.tasks.execution.EventFiringTaskExecuter$1.call(EventFiringTaskExecuter.java:52)
	at org.gradle.internal.operations.DefaultBuildOperationRunner$CallableBuildOperationWorker.execute(DefaultBuildOperationRunner.java:209)
	at org.gradle.internal.operations.DefaultBuildOperationRunner$CallableBuildOperationWorker.execute(DefaultBuildOperationRunner.java:204)
	at org.gradle.internal.operations.DefaultBuildOperationRunner$2.execute(DefaultBuildOperationRunner.java:66)
	at org.gradle.internal.operations.DefaultBuildOperationRunner$2.execute(DefaultBuildOperationRunner.java:59)
	at org.gradle.internal.operations.DefaultBuildOperationRunner.execute(DefaultBuildOperationRunner.java:166)
	at org.gradle.internal.operations.DefaultBuildOperationRunner.execute(DefaultBuildOperationRunner.java:59)
	at org.gradle.internal.operations.DefaultBuildOperationRunner.call(DefaultBuildOperationRunner.java:53)
	at org.gradle.api.internal.tasks.execution.EventFiringTaskExecuter.execute(EventFiringTaskExecuter.java:52)
	at org.gradle.execution.plan.DefaultNodeExecutor.executeLocalTaskNode(DefaultNodeExecutor.java:55)
	at org.gradle.execution.plan.DefaultNodeExecutor.execute(DefaultNodeExecutor.java:34)
	at org.gradle.execution.taskgraph.DefaultTaskExecutionGraph$InvokeNodeExecutorsAction.execute(DefaultTaskExecutionGraph.java:355)
	at org.gradle.execution.taskgraph.DefaultTaskExecutionGraph$InvokeNodeExecutorsAction.execute(DefaultTaskExecutionGraph.java:343)
	at org.gradle.execution.taskgraph.DefaultTaskExecutionGraph$BuildOperationAwareExecutionAction.lambda$execute$0(DefaultTaskExecutionGraph.java:339)
	at org.gradle.internal.operations.CurrentBuildOperationRef.with(CurrentBuildOperationRef.java:84)
	at org.gradle.execution.taskgraph.DefaultTaskExecutionGraph$BuildOperationAwareExecutionAction.execute(DefaultTaskExecutionGraph.java:339)
	at org.gradle.execution.taskgraph.DefaultTaskExecutionGraph$BuildOperationAwareExecutionAction.execute(DefaultTaskExecutionGraph.java:328)
	at org.gradle.execution.plan.DefaultPlanExecutor$ExecutorWorker.execute(DefaultPlanExecutor.java:459)
	at org.gradle.execution.plan.DefaultPlanExecutor$ExecutorWorker.run(DefaultPlanExecutor.java:376)
	at org.gradle.internal.concurrent.ExecutorPolicy$CatchAndRecordFailures.onExecute(ExecutorPolicy.java:64)
	at org.gradle.internal.concurrent.AbstractManagedExecutor$1.run(AbstractManagedExecutor.java:47)
Caused by: org.gradle.api.internal.tasks.compile.CompilationFailedException: Compilation failed; see the compiler output below.
/home/pieter/Desktop/Hackaton/server/src/main/java/pl/agh/hackathon/Stats/UserStatsController.java:52: error: GetMapping is not a repeatable annotation interface
    @GetMapping("/leaderboard")
    ^
/home/pieter/Desktop/Hackaton/server/src/main/java/pl/agh/hackathon/Stats/UserStatsController.java:53: error: Operation is not a repeatable annotation interface
    @Operation(
    ^
/home/pieter/Desktop/Hackaton/server/src/main/java/pl/agh/hackathon/Stats/UserStatsService.java:45: error: cannot find symbol
            userStatsRepository.save(UserStats.builder()
                                              ^
  symbol:   method builder()
  location: class UserStats
/home/pieter/Desktop/Hackaton/server/src/main/java/pl/agh/hackathon/Stats/UserStatsService.java:67: error: cannot find symbol
                .orElse(UserStats.builder().userId(userId).build());
                                 ^
  symbol:   method builder()
  location: class UserStats
/home/pieter/Desktop/Hackaton/server/src/main/java/pl/agh/hackathon/Stats/UserStatsService.java:69: error: cannot find symbol
        return UserStatsResponse.builder()
                                ^
  symbol:   method builder()
  location: class UserStatsResponse
/home/pieter/Desktop/Hackaton/server/src/main/java/pl/agh/hackathon/Stats/UserStatsService.java:70: error: cannot find symbol
                .userId(s.getUserId())
                         ^
  symbol:   method getUserId()
  location: variable s of type UserStats
/home/pieter/Desktop/Hackaton/server/src/main/java/pl/agh/hackathon/Stats/UserStatsService.java:71: error: cannot find symbol
                .totalAnswers(s.getTotalAnswers())
                               ^
  symbol:   method getTotalAnswers()
  location: variable s of type UserStats
/home/pieter/Desktop/Hackaton/server/src/main/java/pl/agh/hackathon/Stats/UserStatsService.java:72: error: cannot find symbol
                .correctAnswers(s.getCorrectAnswers())
                                 ^
  symbol:   method getCorrectAnswers()
  location: variable s of type UserStats
/home/pieter/Desktop/Hackaton/server/src/main/java/pl/agh/hackathon/Stats/UserStatsService.java:73: error: cannot find symbol
                .accuracyPercent(calcAccuracy(s.getTotalAnswers(), s.getCorrectAnswers()))
                                               ^
  symbol:   method getTotalAnswers()
  location: variable s of type UserStats
/home/pieter/Desktop/Hackaton/server/src/main/java/pl/agh/hackathon/Stats/UserStatsService.java:73: error: cannot find symbol
                .accuracyPercent(calcAccuracy(s.getTotalAnswers(), s.getCorrectAnswers()))
                                                                    ^
  symbol:   method getCorrectAnswers()
  location: variable s of type UserStats
/home/pieter/Desktop/Hackaton/server/src/main/java/pl/agh/hackathon/Stats/UserStatsService.java:74: error: cannot find symbol
                .totalGenreAnswers(s.getTotalGenreAnswers())
                                    ^
  symbol:   method getTotalGenreAnswers()
  location: variable s of type UserStats
/home/pieter/Desktop/Hackaton/server/src/main/java/pl/agh/hackathon/Stats/UserStatsService.java:75: error: cannot find symbol
                .correctGenreAnswers(s.getCorrectGenreAnswers())
                                      ^
  symbol:   method getCorrectGenreAnswers()
  location: variable s of type UserStats
/home/pieter/Desktop/Hackaton/server/src/main/java/pl/agh/hackathon/Stats/UserStatsService.java:76: error: cannot find symbol
                .genreAccuracyPercent(calcAccuracy(s.getTotalGenreAnswers(), s.getCorrectGenreAnswers()))
                                                    ^
  symbol:   method getTotalGenreAnswers()
  location: variable s of type UserStats
/home/pieter/Desktop/Hackaton/server/src/main/java/pl/agh/hackathon/Stats/UserStatsService.java:76: error: cannot find symbol
                .genreAccuracyPercent(calcAccuracy(s.getTotalGenreAnswers(), s.getCorrectGenreAnswers()))
                                                                              ^
  symbol:   method getCorrectGenreAnswers()
  location: variable s of type UserStats
/home/pieter/Desktop/Hackaton/server/src/main/java/pl/agh/hackathon/Stats/UserStatsService.java:77: error: cannot find symbol
                .totalArtistsAnswers(s.getTotalArtistsAnswers())
                                      ^
  symbol:   method getTotalArtistsAnswers()
  location: variable s of type UserStats
/home/pieter/Desktop/Hackaton/server/src/main/java/pl/agh/hackathon/Stats/UserStatsService.java:78: error: cannot find symbol
                .correctArtistsAnswers(s.getCorrectArtistsAnswers())
                                        ^
  symbol:   method getCorrectArtistsAnswers()
  location: variable s of type UserStats
/home/pieter/Desktop/Hackaton/server/src/main/java/pl/agh/hackathon/Stats/UserStatsService.java:79: error: cannot find symbol
                .artistsAccuracyPercent(calcAccuracy(s.getTotalArtistsAnswers(), s.getCorrectArtistsAnswers()))
                                                      ^
  symbol:   method getTotalArtistsAnswers()
  location: variable s of type UserStats
/home/pieter/Desktop/Hackaton/server/src/main/java/pl/agh/hackathon/Stats/UserStatsService.java:79: error: cannot find symbol
                .artistsAccuracyPercent(calcAccuracy(s.getTotalArtistsAnswers(), s.getCorrectArtistsAnswers()))
                                                                                  ^
  symbol:   method getCorrectArtistsAnswers()
  location: variable s of type UserStats
/home/pieter/Desktop/Hackaton/server/src/main/java/pl/agh/hackathon/Stats/UserStatsService.java:80: error: cannot find symbol
                .totalSongNameAnswers(s.getTotalSongNameAnswers())
                                       ^
  symbol:   method getTotalSongNameAnswers()
  location: variable s of type UserStats
/home/pieter/Desktop/Hackaton/server/src/main/java/pl/agh/hackathon/Stats/UserStatsService.java:81: error: cannot find symbol
                .correctSongNameAnswers(s.getCorrectSongNameAnswers())
                                         ^
  symbol:   method getCorrectSongNameAnswers()
  location: variable s of type UserStats
/home/pieter/Desktop/Hackaton/server/src/main/java/pl/agh/hackathon/Stats/UserStatsService.java:82: error: cannot find symbol
                .songNameAccuracyPercent(calcAccuracy(s.getTotalSongNameAnswers(), s.getCorrectSongNameAnswers()))
                                                       ^
  symbol:   method getTotalSongNameAnswers()
  location: variable s of type UserStats
/home/pieter/Desktop/Hackaton/server/src/main/java/pl/agh/hackathon/Stats/UserStatsService.java:82: error: cannot find symbol
                .songNameAccuracyPercent(calcAccuracy(s.getTotalSongNameAnswers(), s.getCorrectSongNameAnswers()))
                                                                                    ^
  symbol:   method getCorrectSongNameAnswers()
  location: variable s of type UserStats
/home/pieter/Desktop/Hackaton/server/src/main/java/pl/agh/hackathon/Stats/UserStatsService.java:83: error: cannot find symbol
                .totalTimePeriodAnswers(s.getTotalTimePeriodAnswers())
                                         ^
  symbol:   method getTotalTimePeriodAnswers()
  location: variable s of type UserStats
/home/pieter/Desktop/Hackaton/server/src/main/java/pl/agh/hackathon/Stats/UserStatsService.java:84: error: cannot find symbol
                .correctTimePeriodAnswers(s.getCorrectTimePeriodAnswers())
                                           ^
  symbol:   method getCorrectTimePeriodAnswers()
  location: variable s of type UserStats
/home/pieter/Desktop/Hackaton/server/src/main/java/pl/agh/hackathon/Stats/UserStatsService.java:85: error: cannot find symbol
                .timePeriodAccuracyPercent(calcAccuracy(s.getTotalTimePeriodAnswers(), s.getCorrectTimePeriodAnswers()))
                                                         ^
  symbol:   method getTotalTimePeriodAnswers()
  location: variable s of type UserStats
/home/pieter/Desktop/Hackaton/server/src/main/java/pl/agh/hackathon/Stats/UserStatsService.java:85: error: cannot find symbol
                .timePeriodAccuracyPercent(calcAccuracy(s.getTotalTimePeriodAnswers(), s.getCorrectTimePeriodAnswers()))
                                                                                        ^
  symbol:   method getCorrectTimePeriodAnswers()
  location: variable s of type UserStats
/home/pieter/Desktop/Hackaton/server/src/main/java/pl/agh/hackathon/Stats/UserStatsService.java:106: error: cannot find symbol
                case OVERALL     -> calcAccuracy(s.getTotalAnswers(), s.getCorrectAnswers());
                                                  ^
  symbol:   method getTotalAnswers()
  location: variable s of type UserStats
/home/pieter/Desktop/Hackaton/server/src/main/java/pl/agh/hackathon/Stats/UserStatsService.java:106: error: cannot find symbol
                case OVERALL     -> calcAccuracy(s.getTotalAnswers(), s.getCorrectAnswers());
                                                                       ^
  symbol:   method getCorrectAnswers()
  location: variable s of type UserStats
/home/pieter/Desktop/Hackaton/server/src/main/java/pl/agh/hackathon/Stats/UserStatsService.java:107: error: cannot find symbol
                case GENRE       -> calcAccuracy(s.getTotalGenreAnswers(), s.getCorrectGenreAnswers());
                                                  ^
  symbol:   method getTotalGenreAnswers()
  location: variable s of type UserStats
/home/pieter/Desktop/Hackaton/server/src/main/java/pl/agh/hackathon/Stats/UserStatsService.java:107: error: cannot find symbol
                case GENRE       -> calcAccuracy(s.getTotalGenreAnswers(), s.getCorrectGenreAnswers());
                                                                            ^
  symbol:   method getCorrectGenreAnswers()
  location: variable s of type UserStats
/home/pieter/Desktop/Hackaton/server/src/main/java/pl/agh/hackathon/Stats/UserStatsService.java:108: error: cannot find symbol
                case ARTISTS     -> calcAccuracy(s.getTotalArtistsAnswers(), s.getCorrectArtistsAnswers());
                                                  ^
  symbol:   method getTotalArtistsAnswers()
  location: variable s of type UserStats
/home/pieter/Desktop/Hackaton/server/src/main/java/pl/agh/hackathon/Stats/UserStatsService.java:108: error: cannot find symbol
                case ARTISTS     -> calcAccuracy(s.getTotalArtistsAnswers(), s.getCorrectArtistsAnswers());
                                                                              ^
  symbol:   method getCorrectArtistsAnswers()
  location: variable s of type UserStats
/home/pieter/Desktop/Hackaton/server/src/main/java/pl/agh/hackathon/Stats/UserStatsService.java:109: error: cannot find symbol
                case SONG_NAME   -> calcAccuracy(s.getTotalSongNameAnswers(), s.getCorrectSongNameAnswers());
                                                  ^
  symbol:   method getTotalSongNameAnswers()
  location: variable s of type UserStats
/home/pieter/Desktop/Hackaton/server/src/main/java/pl/agh/hackathon/Stats/UserStatsService.java:109: error: cannot find symbol
                case SONG_NAME   -> calcAccuracy(s.getTotalSongNameAnswers(), s.getCorrectSongNameAnswers());
                                                                               ^
  symbol:   method getCorrectSongNameAnswers()
  location: variable s of type UserStats
/home/pieter/Desktop/Hackaton/server/src/main/java/pl/agh/hackathon/Stats/UserStatsService.java:110: error: cannot find symbol
                case TIME_PERIOD -> calcAccuracy(s.getTotalTimePeriodAnswers(), s.getCorrectTimePeriodAnswers());
                                                  ^
  symbol:   method getTotalTimePeriodAnswers()
  location: variable s of type UserStats
/home/pieter/Desktop/Hackaton/server/src/main/java/pl/agh/hackathon/Stats/UserStatsService.java:110: error: cannot find symbol
                case TIME_PERIOD -> calcAccuracy(s.getTotalTimePeriodAnswers(), s.getCorrectTimePeriodAnswers());
                                                                                 ^
  symbol:   method getCorrectTimePeriodAnswers()
  location: variable s of type UserStats
/home/pieter/Desktop/Hackaton/server/src/main/java/pl/agh/hackathon/Stats/UserStatsService.java:115: error: cannot find symbol
                    s.getUserId(),
                     ^
  symbol:   method getUserId()
  location: variable s of type UserStats
/home/pieter/Desktop/Hackaton/server/src/main/java/pl/agh/hackathon/Stats/UserStatsService.java:116: error: cannot find symbol
                    s.getTotalAnswers(),
                     ^
  symbol:   method getTotalAnswers()
  location: variable s of type UserStats
/home/pieter/Desktop/Hackaton/server/src/main/java/pl/agh/hackathon/Stats/UserStatsService.java:117: error: cannot find symbol
                    s.getCorrectAnswers(),
                     ^
  symbol:   method getCorrectAnswers()
  location: variable s of type UserStats
39 errors
	at org.gradle.api.internal.tasks.compile.JdkJavaCompiler.execute(JdkJavaCompiler.java:89)
	at org.gradle.api.internal.tasks.compile.JdkJavaCompiler.execute(JdkJavaCompiler.java:50)
	at org.gradle.api.internal.tasks.compile.NormalizingJavaCompiler.delegateAndHandleErrors(NormalizingJavaCompiler.java:98)
	at org.gradle.api.internal.tasks.compile.NormalizingJavaCompiler.execute(NormalizingJavaCompiler.java:52)
	at org.gradle.api.internal.tasks.compile.NormalizingJavaCompiler.execute(NormalizingJavaCompiler.java:38)
	at org.gradle.api.internal.tasks.compile.AnnotationProcessorDiscoveringCompiler.execute(AnnotationProcessorDiscoveringCompiler.java:52)
	at org.gradle.api.internal.tasks.compile.AnnotationProcessorDiscoveringCompiler.execute(AnnotationProcessorDiscoveringCompiler.java:38)
	at org.gradle.api.internal.tasks.compile.ModuleApplicationNameWritingCompiler.execute(ModuleApplicationNameWritingCompiler.java:46)
	at org.gradle.api.internal.tasks.compile.ModuleApplicationNameWritingCompiler.execute(ModuleApplicationNameWritingCompiler.java:36)
	at org.gradle.jvm.toolchain.internal.DefaultToolchainJavaCompiler.execute(DefaultToolchainJavaCompiler.java:57)
	at org.gradle.api.tasks.compile.JavaCompile.lambda$createToolchainCompiler$3(JavaCompile.java:206)
	at org.gradle.api.internal.tasks.compile.incremental.SelectiveCompiler.lambda$execute$0(SelectiveCompiler.java:101)
	at org.gradle.api.internal.tasks.compile.incremental.transaction.CompileTransaction.execute(CompileTransaction.java:108)
	at org.gradle.api.internal.tasks.compile.incremental.SelectiveCompiler.execute(SelectiveCompiler.java:95)
	at org.gradle.api.internal.tasks.compile.incremental.SelectiveCompiler.execute(SelectiveCompiler.java:44)
	at org.gradle.api.internal.tasks.compile.incremental.IncrementalResultStoringCompiler.execute(IncrementalResultStoringCompiler.java:66)
	at org.gradle.api.internal.tasks.compile.incremental.IncrementalResultStoringCompiler.execute(IncrementalResultStoringCompiler.java:52)
	at org.gradle.api.internal.tasks.compile.CompileJavaBuildOperationReportingCompiler$1.call(CompileJavaBuildOperationReportingCompiler.java:64)
	at org.gradle.api.internal.tasks.compile.CompileJavaBuildOperationReportingCompiler$1.call(CompileJavaBuildOperationReportingCompiler.java:48)
	at org.gradle.internal.operations.DefaultBuildOperationRunner$CallableBuildOperationWorker.execute(DefaultBuildOperationRunner.java:209)
	at org.gradle.internal.operations.DefaultBuildOperationRunner$CallableBuildOperationWorker.execute(DefaultBuildOperationRunner.java:204)
	at org.gradle.internal.operations.DefaultBuildOperationRunner$2.execute(DefaultBuildOperationRunner.java:66)
	at org.gradle.internal.operations.DefaultBuildOperationRunner$2.execute(DefaultBuildOperationRunner.java:59)
	at org.gradle.internal.operations.DefaultBuildOperationRunner.execute(DefaultBuildOperationRunner.java:166)
	at org.gradle.internal.operations.DefaultBuildOperationRunner.execute(DefaultBuildOperationRunner.java:59)
	at org.gradle.internal.operations.DefaultBuildOperationRunner.call(DefaultBuildOperationRunner.java:53)
	at org.gradle.api.internal.tasks.compile.CompileJavaBuildOperationReportingCompiler.execute(CompileJavaBuildOperationReportingCompiler.java:48)
	at org.gradle.api.tasks.compile.JavaCompile.performCompilation(JavaCompile.java:224)
	at org.gradle.api.tasks.compile.JavaCompile.performIncrementalCompilation(JavaCompile.java:165)
	at org.gradle.api.tasks.compile.JavaCompile.compile(JavaCompile.java:150)
	at org.gradle.internal.reflect.JavaMethod.invoke(JavaMethod.java:125)
	at org.gradle.api.internal.project.taskfactory.IncrementalTaskAction.doExecute(IncrementalTaskAction.java:45)
	at org.gradle.api.internal.project.taskfactory.StandardTaskAction.execute(StandardTaskAction.java:51)
	at org.gradle.api.internal.project.taskfactory.IncrementalTaskAction.execute(IncrementalTaskAction.java:26)
	at org.gradle.api.internal.project.taskfactory.StandardTaskAction.execute(StandardTaskAction.java:29)
	at org.gradle.api.internal.tasks.execution.TaskExecution$3.run(TaskExecution.java:259)
	at org.gradle.internal.operations.DefaultBuildOperationRunner$1.execute(DefaultBuildOperationRunner.java:29)
	at org.gradle.internal.operations.DefaultBuildOperationRunner$1.execute(DefaultBuildOperationRunner.java:26)
	at org.gradle.internal.operations.DefaultBuildOperationRunner$2.execute(DefaultBuildOperationRunner.java:66)
	at org.gradle.internal.operations.DefaultBuildOperationRunner$2.execute(DefaultBuildOperationRunner.java:59)
	at org.gradle.internal.operations.DefaultBuildOperationRunner.execute(DefaultBuildOperationRunner.java:166)
	at org.gradle.internal.operations.DefaultBuildOperationRunner.execute(DefaultBuildOperationRunner.java:59)
	at org.gradle.internal.operations.DefaultBuildOperationRunner.run(DefaultBuildOperationRunner.java:47)
	at org.gradle.api.internal.tasks.execution.TaskExecution.executeAction(TaskExecution.java:244)
	at org.gradle.api.internal.tasks.execution.TaskExecution.executeActions(TaskExecution.java:227)
	at org.gradle.api.internal.tasks.execution.TaskExecution.executeWithPreviousOutputFiles(TaskExecution.java:210)
	at org.gradle.api.internal.tasks.execution.TaskExecution.execute(TaskExecution.java:176)
	at org.gradle.internal.execution.steps.ExecuteStep.executeInternal(ExecuteStep.java:110)
	at org.gradle.internal.execution.steps.ExecuteStep.access$000(ExecuteStep.java:47)
	at org.gradle.internal.execution.steps.ExecuteStep$1.call(ExecuteStep.java:64)
	at org.gradle.internal.execution.steps.ExecuteStep$1.call(ExecuteStep.java:61)
	at org.gradle.internal.operations.DefaultBuildOperationRunner$CallableBuildOperationWorker.execute(DefaultBuildOperationRunner.java:209)
	at org.gradle.internal.operations.DefaultBuildOperationRunner$CallableBuildOperationWorker.execute(DefaultBuildOperationRunner.java:204)
	at org.gradle.internal.operations.DefaultBuildOperationRunner$2.execute(DefaultBuildOperationRunner.java:66)
	at org.gradle.internal.operations.DefaultBuildOperationRunner$2.execute(DefaultBuildOperationRunner.java:59)
	at org.gradle.internal.operations.DefaultBuildOperationRunner.execute(DefaultBuildOperationRunner.java:166)
	at org.gradle.internal.operations.DefaultBuildOperationRunner.execute(DefaultBuildOperationRunner.java:59)
	at org.gradle.internal.operations.DefaultBuildOperationRunner.call(DefaultBuildOperationRunner.java:53)
	at org.gradle.internal.execution.steps.ExecuteStep.execute(ExecuteStep.java:61)
	at org.gradle.internal.execution.steps.ExecuteStep.execute(ExecuteStep.java:47)
	at org.gradle.internal.execution.steps.CancelExecutionStep.execute(CancelExecutionStep.java:42)
	at org.gradle.internal.execution.steps.TimeoutStep.executeWithoutTimeout(TimeoutStep.java:75)
	at org.gradle.internal.execution.steps.TimeoutStep.execute(TimeoutStep.java:55)
	at org.gradle.internal.execution.steps.PreCreateOutputParentsStep.execute(PreCreateOutputParentsStep.java:51)
	at org.gradle.internal.execution.steps.PreCreateOutputParentsStep.execute(PreCreateOutputParentsStep.java:29)
	at org.gradle.internal.execution.steps.RemovePreviousOutputsStep.executeMutable(RemovePreviousOutputsStep.java:70)
	at org.gradle.internal.execution.steps.RemovePreviousOutputsStep.executeMutable(RemovePreviousOutputsStep.java:40)
	at org.gradle.internal.execution.steps.MutableStep.execute(MutableStep.java:25)
	at org.gradle.internal.execution.steps.BroadcastChangingOutputsStep.execute(BroadcastChangingOutputsStep.java:62)
	at org.gradle.internal.execution.steps.BroadcastChangingOutputsStep.execute(BroadcastChangingOutputsStep.java:27)
	at org.gradle.internal.execution.steps.CaptureOutputsAfterExecutionStep.execute(CaptureOutputsAfterExecutionStep.java:69)
	at org.gradle.internal.execution.steps.CaptureOutputsAfterExecutionStep.execute(CaptureOutputsAfterExecutionStep.java:46)
	at org.gradle.internal.execution.steps.ResolveInputChangesStep.executeMutable(ResolveInputChangesStep.java:39)
	at org.gradle.internal.execution.steps.ResolveInputChangesStep.executeMutable(ResolveInputChangesStep.java:28)
	at org.gradle.internal.execution.steps.MutableStep.execute(MutableStep.java:25)
	at org.gradle.internal.execution.steps.BuildCacheStep.executeWithoutCache(BuildCacheStep.java:192)
	at org.gradle.internal.execution.steps.BuildCacheStep.lambda$execute$1(BuildCacheStep.java:76)
	at org.gradle.internal.Either$Right.fold(Either.java:176)
	at org.gradle.internal.execution.caching.CachingState.fold(CachingState.java:62)
	at org.gradle.internal.execution.steps.BuildCacheStep.execute(BuildCacheStep.java:74)
	at org.gradle.internal.execution.steps.BuildCacheStep.execute(BuildCacheStep.java:49)
	at org.gradle.internal.execution.steps.StoreExecutionStateStep.execute(StoreExecutionStateStep.java:46)
	at org.gradle.internal.execution.steps.StoreExecutionStateStep.execute(StoreExecutionStateStep.java:35)
	at org.gradle.internal.execution.steps.SkipUpToDateStep.executeBecause(SkipUpToDateStep.java:75)
	at org.gradle.internal.execution.steps.SkipUpToDateStep.lambda$execute$2(SkipUpToDateStep.java:53)
	at org.gradle.internal.execution.steps.SkipUpToDateStep.execute(SkipUpToDateStep.java:53)
	at org.gradle.internal.execution.steps.SkipUpToDateStep.execute(SkipUpToDateStep.java:35)
	at org.gradle.internal.execution.steps.legacy.MarkSnapshottingInputsFinishedStep.execute(MarkSnapshottingInputsFinishedStep.java:37)
	at org.gradle.internal.execution.steps.legacy.MarkSnapshottingInputsFinishedStep.execute(MarkSnapshottingInputsFinishedStep.java:27)
	at org.gradle.internal.execution.steps.ResolveIncrementalCachingStateStep.executeDelegate(ResolveIncrementalCachingStateStep.java:49)
	at org.gradle.internal.execution.steps.ResolveIncrementalCachingStateStep.executeDelegate(ResolveIncrementalCachingStateStep.java:27)
	at org.gradle.internal.execution.steps.AbstractResolveCachingStateStep.execute(AbstractResolveCachingStateStep.java:71)
	at org.gradle.internal.execution.steps.AbstractResolveCachingStateStep.execute(AbstractResolveCachingStateStep.java:39)
	at org.gradle.internal.execution.steps.ResolveChangesStep.executeMutable(ResolveChangesStep.java:63)
	at org.gradle.internal.execution.steps.ResolveChangesStep.executeMutable(ResolveChangesStep.java:34)
	at org.gradle.internal.execution.steps.MutableStep.execute(MutableStep.java:25)
	at org.gradle.internal.execution.steps.ValidateStep.execute(ValidateStep.java:64)
	at org.gradle.internal.execution.steps.ValidateStep.execute(ValidateStep.java:42)
	at org.gradle.internal.execution.steps.AbstractCaptureStateBeforeExecutionStep.execute(AbstractCaptureStateBeforeExecutionStep.java:77)
	at org.gradle.internal.execution.steps.AbstractCaptureStateBeforeExecutionStep.execute(AbstractCaptureStateBeforeExecutionStep.java:46)
	at org.gradle.internal.execution.steps.AbstractSkipEmptyWorkStep.executeWithNonEmptySources(AbstractSkipEmptyWorkStep.java:133)
	at org.gradle.internal.execution.steps.AbstractSkipEmptyWorkStep.execute(AbstractSkipEmptyWorkStep.java:64)
	at org.gradle.internal.execution.steps.AbstractSkipEmptyWorkStep.execute(AbstractSkipEmptyWorkStep.java:36)
	at org.gradle.internal.execution.steps.legacy.MarkSnapshottingInputsStartedStep.execute(MarkSnapshottingInputsStartedStep.java:38)
	at org.gradle.internal.execution.steps.LoadPreviousExecutionStateStep.execute(LoadPreviousExecutionStateStep.java:36)
	at org.gradle.internal.execution.steps.LoadPreviousExecutionStateStep.execute(LoadPreviousExecutionStateStep.java:23)
	at org.gradle.internal.execution.steps.HandleStaleOutputsStep.executeMutable(HandleStaleOutputsStep.java:77)
	at org.gradle.internal.execution.steps.HandleStaleOutputsStep.executeMutable(HandleStaleOutputsStep.java:43)
	at org.gradle.internal.execution.steps.MutableStep.execute(MutableStep.java:25)
	at org.gradle.internal.execution.steps.AssignMutableWorkspaceStep.lambda$execute$0(AssignMutableWorkspaceStep.java:35)
	at org.gradle.api.internal.tasks.execution.TaskExecution$4.withWorkspace(TaskExecution.java:305)
	at org.gradle.internal.execution.steps.AssignMutableWorkspaceStep.execute(AssignMutableWorkspaceStep.java:31)
	at org.gradle.internal.execution.steps.AssignMutableWorkspaceStep.execute(AssignMutableWorkspaceStep.java:22)
	at org.gradle.internal.execution.steps.ChoosePipelineStep.execute(ChoosePipelineStep.java:40)
	at org.gradle.internal.execution.steps.ChoosePipelineStep.execute(ChoosePipelineStep.java:23)
	at org.gradle.internal.execution.steps.ExecuteWorkBuildOperationFiringStep.lambda$execute$2(ExecuteWorkBuildOperationFiringStep.java:67)
	at org.gradle.internal.execution.steps.ExecuteWorkBuildOperationFiringStep.execute(ExecuteWorkBuildOperationFiringStep.java:67)
	at org.gradle.internal.execution.steps.ExecuteWorkBuildOperationFiringStep.execute(ExecuteWorkBuildOperationFiringStep.java:39)
	at org.gradle.internal.execution.steps.IdentityCacheStep.execute(IdentityCacheStep.java:46)
	at org.gradle.internal.execution.steps.IdentityCacheStep.execute(IdentityCacheStep.java:34)
	at org.gradle.internal.execution.steps.IdentifyStep.execute(IdentifyStep.java:44)
	at org.gradle.internal.execution.steps.IdentifyStep.execute(IdentifyStep.java:31)
	at org.gradle.internal.execution.impl.DefaultExecutionEngine$1.execute(DefaultExecutionEngine.java:68)
	at org.gradle.api.internal.tasks.execution.ExecuteActionsTaskExecuter.executeIfValid(ExecuteActionsTaskExecuter.java:132)
	... 30 more


BUILD FAILED in 974ms
1 actionable task: 1 executed
